# JRE version: Java(TM) SE Runtime Environment (8.0_221-b11) (build 1.8.0_221-b11)
# Java VM: Java HotSpot(TM) 64-Bit Server VM (25.221-b11 mixed mode windows-amd64 compressed oops)
Heap:
 PSYoungGen      total 137728K, used 49241K [0x00000000d6980000, 0x00000000e2880000, 0x0000000100000000)
  eden space 129024K, 38% used [0x00000000d6980000,0x00000000d9996400,0x00000000de780000)
  from space 8704K, 0% used [0x00000000de780000,0x00000000de780000,0x00000000df000000)
  to   space 10752K, 0% used [0x00000000e1e00000,0x00000000e1e00000,0x00000000e2880000)
 ParOldGen       total 51200K, used 15450K [0x0000000083c00000, 0x0000000086e00000, 0x00000000d6980000)
  object space 51200K, 30% used [0x0000000083c00000,0x0000000084b16870,0x0000000086e00000)
 Metaspace       used 37355K, capacity 39268K, committed 39336K, reserved 1083392K
  class space    used 4870K, capacity 5225K, committed 5288K, reserved 1048576K
GC Heap History (10 events):
Event: 1.688 GC heap before
{Heap before GC invocations=5 (full 0):
 PSYoungGen      total 70656K, used 21352K [0x00000000d6980000, 0x00000000db380000, 0x0000000100000000)
  eden space 65536K, 24% used [0x00000000d6980000,0x00000000d795fa08,0x00000000da980000)
  from space 5120K, 99% used [0x00000000dae80000,0x00000000db37a8f8,0x00000000db380000)
  to   space 5120K, 0% used [0x00000000da980000,0x00000000da980000,0x00000000dae80000)
 ParOldGen       total 86016K, used 3619K [0x0000000083c00000, 0x0000000089000000, 0x00000000d6980000)
  object space 86016K, 4% used [0x0000000083c00000,0x0000000083f88f38,0x0000000089000000)
 Metaspace       used 20619K, capacity 21236K, committed 21296K, reserved 1067008K
  class space    used 2666K, capacity 2841K, committed 2864K, reserved 1048576K
Event: 1.696 GC heap after
Heap after GC invocations=5 (full 0):
 PSYoungGen      total 70656K, used 5119K [0x00000000d6980000, 0x00000000df880000, 0x0000000100000000)
  eden space 65536K, 0% used [0x00000000d6980000,0x00000000d6980000,0x00000000da980000)
  from space 5120K, 99% used [0x00000000da980000,0x00000000dae7fcb0,0x00000000dae80000)
  to   space 7680K, 0% used [0x00000000df100000,0x00000000df100000,0x00000000df880000)
 ParOldGen       total 86016K, used 4781K [0x0000000083c00000, 0x0000000089000000, 0x00000000d6980000)
  object space 86016K, 5% used [0x0000000083c00000,0x00000000840ab600,0x0000000089000000)
 Metaspace       used 20619K, capacity 21236K, committed 21296K, reserved 1067008K
  class space    used 2666K, capacity 2841K, committed 2864K, reserved 1048576K
}
Event: 1.696 GC heap before
{Heap before GC invocations=6 (full 1):
 PSYoungGen      total 70656K, used 5119K [0x00000000d6980000, 0x00000000df880000, 0x0000000100000000)
  eden space 65536K, 0% used [0x00000000d6980000,0x00000000d6980000,0x00000000da980000)
  from space 5120K, 99% used [0x00000000da980000,0x00000000dae7fcb0,0x00000000dae80000)
  to   space 7680K, 0% used [0x00000000df100000,0x00000000df100000,0x00000000df880000)
 ParOldGen       total 86016K, used 4781K [0x0000000083c00000, 0x0000000089000000, 0x00000000d6980000)
  object space 86016K, 5% used [0x0000000083c00000,0x00000000840ab600,0x0000000089000000)
 Metaspace       used 20619K, capacity 21236K, committed 21296K, reserved 1067008K
  class space    used 2666K, capacity 2841K, committed 2864K, reserved 1048576K
Event: 1.727 GC heap after
Heap after GC invocations=6 (full 1):
 PSYoungGen      total 70656K, used 0K [0x00000000d6980000, 0x00000000df880000, 0x0000000100000000)
  eden space 65536K, 0% used [0x00000000d6980000,0x00000000d6980000,0x00000000da980000)
  from space 5120K, 0% used [0x00000000da980000,0x00000000da980000,0x00000000dae80000)
  to   space 7680K, 0% used [0x00000000df100000,0x00000000df100000,0x00000000df880000)
 ParOldGen       total 51200K, used 6107K [0x0000000083c00000, 0x0000000086e00000, 0x00000000d6980000)
  object space 51200K, 11% used [0x0000000083c00000,0x00000000841f6fc8,0x0000000086e00000)
 Metaspace       used 20618K, capacity 21230K, committed 21296K, reserved 1067008K
  class space    used 2665K, capacity 2840K, committed 2864K, reserved 1048576K
}
Event: 2.884 GC heap before
{Heap before GC invocations=7 (full 1):
 PSYoungGen      total 70656K, used 65536K [0x00000000d6980000, 0x00000000df880000, 0x0000000100000000)
  eden space 65536K, 100% used [0x00000000d6980000,0x00000000da980000,0x00000000da980000)
  from space 5120K, 0% used [0x00000000da980000,0x00000000da980000,0x00000000dae80000)
  to   space 7680K, 0% used [0x00000000df100000,0x00000000df100000,0x00000000df880000)
 ParOldGen       total 51200K, used 6107K [0x0000000083c00000, 0x0000000086e00000, 0x00000000d6980000)
  object space 51200K, 11% used [0x0000000083c00000,0x00000000841f6fc8,0x0000000086e00000)
 Metaspace       used 25805K, capacity 26744K, committed 26928K, reserved 1073152K
  class space    used 3344K, capacity 3559K, committed 3632K, reserved 1048576K
Event: 2.891 GC heap after
Heap after GC invocations=7 (full 1):
 PSYoungGen      total 116224K, used 7475K [0x00000000d6980000, 0x00000000df880000, 0x0000000100000000)
  eden space 108544K, 0% used [0x00000000d6980000,0x00000000d6980000,0x00000000dd380000)
  from space 7680K, 97% used [0x00000000df100000,0x00000000df84cd30,0x00000000df880000)
  to   space 8704K, 0% used [0x00000000de780000,0x00000000de780000,0x00000000df000000)
 ParOldGen       total 51200K, used 6115K [0x0000000083c00000, 0x0000000086e00000, 0x00000000d6980000)
  object space 51200K, 11% used [0x0000000083c00000,0x00000000841f8fc8,0x0000000086e00000)
 Metaspace       used 25805K, capacity 26744K, committed 26928K, reserved 1073152K
  class space    used 3344K, capacity 3559K, committed 3632K, reserved 1048576K
}
Event: 4.370 GC heap before
{Heap before GC invocations=8 (full 1):
 PSYoungGen      total 116224K, used 77991K [0x00000000d6980000, 0x00000000df880000, 0x0000000100000000)
  eden space 108544K, 64% used [0x00000000d6980000,0x00000000dae5d1e8,0x00000000dd380000)
  from space 7680K, 97% used [0x00000000df100000,0x00000000df84cd30,0x00000000df880000)
  to   space 8704K, 0% used [0x00000000de780000,0x00000000de780000,0x00000000df000000)
 ParOldGen       total 51200K, used 6115K [0x0000000083c00000, 0x0000000086e00000, 0x00000000d6980000)
  object space 51200K, 11% used [0x0000000083c00000,0x00000000841f8fc8,0x0000000086e00000)
 Metaspace       used 33918K, capacity 35366K, committed 35496K, reserved 1079296K
  class space    used 4394K, capacity 4688K, committed 4776K, reserved 1048576K
Event: 4.383 GC heap after
Heap after GC invocations=8 (full 1):
 PSYoungGen      total 137728K, used 8692K [0x00000000d6980000, 0x00000000e2880000, 0x0000000100000000)
  eden space 129024K, 0% used [0x00000000d6980000,0x00000000d6980000,0x00000000de780000)
  from space 8704K, 99% used [0x00000000de780000,0x00000000deffd240,0x00000000df000000)
  to   space 10752K, 0% used [0x00000000e1e00000,0x00000000e1e00000,0x00000000e2880000)
 ParOldGen       total 51200K, used 8944K [0x0000000083c00000, 0x0000000086e00000, 0x00000000d6980000)
  object space 51200K, 17% used [0x0000000083c00000,0x00000000844bc078,0x0000000086e00000)
 Metaspace       used 33918K, capacity 35366K, committed 35496K, reserved 1079296K
  class space    used 4394K, capacity 4688K, committed 4776K, reserved 1048576K
}
Event: 4.383 GC heap before
{Heap before GC invocations=9 (full 2):
 PSYoungGen      total 137728K, used 8692K [0x00000000d6980000, 0x00000000e2880000, 0x0000000100000000)
  eden space 129024K, 0% used [0x00000000d6980000,0x00000000d6980000,0x00000000de780000)
  from space 8704K, 99% used [0x00000000de780000,0x00000000deffd240,0x00000000df000000)
  to   space 10752K, 0% used [0x00000000e1e00000,0x00000000e1e00000,0x00000000e2880000)
 ParOldGen       total 51200K, used 8944K [0x0000000083c00000, 0x0000000086e00000, 0x00000000d6980000)
  object space 51200K, 17% used [0x0000000083c00000,0x00000000844bc078,0x0000000086e00000)
 Metaspace       used 33918K, capacity 35366K, committed 35496K, reserved 1079296K
  class space    used 4394K, capacity 4688K, committed 4776K, reserved 1048576K
Event: 4.452 GC heap after
Heap after GC invocations=9 (full 2):
 PSYoungGen      total 137728K, used 0K [0x00000000d6980000, 0x00000000e2880000, 0x0000000100000000)
  eden space 129024K, 0% used [0x00000000d6980000,0x00000000d6980000,0x00000000de780000)
  from space 8704K, 0% used [0x00000000de780000,0x00000000de780000,0x00000000df000000)
  to   space 10752K, 0% used [0x00000000e1e00000,0x00000000e1e00000,0x00000000e2880000)
 ParOldGen       total 51200K, used 15450K [0x0000000083c00000, 0x0000000086e00000, 0x00000000d6980000)
  object space 51200K, 30% used [0x0000000083c00000,0x0000000084b16870,0x0000000086e00000)
 Metaspace       used 33918K, capacity 35366K, committed 35496K, reserved 1079296K
  class space    used 4394K, capacity 4688K, committed 4776K, reserved 1048576K
}

